# JRE version: OpenJDK Runtime Environment AdoptOpenJDK-11.0.11+9 (11.0.11+9) (build 11.0.11+9)
# Java VM: OpenJDK 64-Bit Server VM AdoptOpenJDK-11.0.11+9 (11.0.11+9, mixed mode, tiered, compressed oops, g1 gc, windows-amd64)
Heap:
 garbage-first heap   total 49152K, used 12970K [0x00000000d0000000, 0x0000000100000000)
  region size 1024K, 4 young (4096K), 2 survivors (2048K)
 Metaspace       used 31166K, capacity 32084K, committed 32128K, reserved 1077248K
  class space    used 3569K, capacity 3943K, committed 3968K, reserved 1048576K
GC Heap History (20 events):
Event: 7.135 GC heap before
{Heap before GC invocations=1 (full 0):
 garbage-first heap   total 49152K, used 7379K [0x00000000d0000000, 0x0000000100000000)
  region size 1024K, 3 young (3072K), 1 survivors (1024K)
 Metaspace       used 10065K, capacity 10245K, committed 10368K, reserved 1058816K
  class space    used 969K, capacity 1061K, committed 1152K, reserved 1048576K
}
Event: 7.144 GC heap after
{Heap after GC invocations=2 (full 0):
 garbage-first heap   total 49152K, used 5863K [0x00000000d0000000, 0x0000000100000000)
  region size 1024K, 1 young (1024K), 1 survivors (1024K)
 Metaspace       used 10065K, capacity 10245K, committed 10368K, reserved 1058816K
  class space    used 969K, capacity 1061K, committed 1152K, reserved 1048576K
}
Event: 12.109 GC heap before
{Heap before GC invocations=2 (full 0):
 garbage-first heap   total 49152K, used 15079K [0x00000000d0000000, 0x0000000100000000)
  region size 1024K, 10 young (10240K), 1 survivors (1024K)
 Metaspace       used 14691K, capacity 15063K, committed 15232K, reserved 1062912K
  class space    used 1467K, capacity 1605K, committed 1664K, reserved 1048576K
}
Event: 12.120 GC heap after
{Heap after GC invocations=3 (full 0):
 garbage-first heap   total 49152K, used 7150K [0x00000000d0000000, 0x0000000100000000)
  region size 1024K, 2 young (2048K), 2 survivors (2048K)
 Metaspace       used 14691K, capacity 15063K, committed 15232K, reserved 1062912K
  class space    used 1467K, capacity 1605K, committed 1664K, reserved 1048576K
}
Event: 18.211 GC heap before
{Heap before GC invocations=3 (full 0):
 garbage-first heap   total 49152K, used 20462K [0x00000000d0000000, 0x0000000100000000)
  region size 1024K, 15 young (15360K), 2 survivors (2048K)
 Metaspace       used 18290K, capacity 18774K, committed 19072K, reserved 1067008K
  class space    used 1924K, capacity 2107K, committed 2176K, reserved 1048576K
}
Event: 18.230 GC heap after
{Heap after GC invocations=4 (full 0):
 garbage-first heap   total 49152K, used 8068K [0x00000000d0000000, 0x0000000100000000)
  region size 1024K, 1 young (1024K), 1 survivors (1024K)
 Metaspace       used 18290K, capacity 18774K, committed 19072K, reserved 1067008K
  class space    used 1924K, capacity 2107K, committed 2176K, reserved 1048576K
}
Event: 23.479 GC heap before
{Heap before GC invocations=4 (full 0):
 garbage-first heap   total 49152K, used 19332K [0x00000000d0000000, 0x0000000100000000)
  region size 1024K, 13 young (13312K), 1 survivors (1024K)
 Metaspace       used 20519K, capacity 21144K, committed 21248K, reserved 1069056K
  class space    used 2254K, capacity 2518K, committed 2560K, reserved 1048576K
}
Event: 23.491 GC heap after
{Heap after GC invocations=5 (full 0):
 garbage-first heap   total 49152K, used 8829K [0x00000000d0000000, 0x0000000100000000)
  region size 1024K, 2 young (2048K), 2 survivors (2048K)
 Metaspace       used 20519K, capacity 21144K, committed 21248K, reserved 1069056K
  class space    used 2254K, capacity 2518K, committed 2560K, reserved 1048576K
}
Event: 25.902 GC heap before
{Heap before GC invocations=6 (full 0):
 garbage-first heap   total 49152K, used 24189K [0x00000000d0000000, 0x0000000100000000)
  region size 1024K, 18 young (18432K), 2 survivors (2048K)
 Metaspace       used 23724K, capacity 24453K, committed 24704K, reserved 1071104K
  class space    used 2611K, capacity 2878K, committed 2944K, reserved 1048576K
}
Event: 25.926 GC heap after
{Heap after GC invocations=7 (full 0):
 garbage-first heap   total 49152K, used 9310K [0x00000000d0000000, 0x0000000100000000)
  region size 1024K, 2 young (2048K), 2 survivors (2048K)
 Metaspace       used 23724K, capacity 24453K, committed 24704K, reserved 1071104K
  class space    used 2611K, capacity 2878K, committed 2944K, reserved 1048576K
}
Event: 27.193 GC heap before
{Heap before GC invocations=7 (full 0):
 garbage-first heap   total 49152K, used 26718K [0x00000000d0000000, 0x0000000100000000)
  region size 1024K, 19 young (19456K), 2 survivors (2048K)
 Metaspace       used 26721K, capacity 27500K, committed 27648K, reserved 1073152K
  class space    used 3025K, capacity 3318K, committed 3328K, reserved 1048576K
}
Event: 27.215 GC heap after
{Heap after GC invocations=8 (full 0):
 garbage-first heap   total 49152K, used 9784K [0x00000000d0000000, 0x0000000100000000)
  region size 1024K, 2 young (2048K), 2 survivors (2048K)
 Metaspace       used 26721K, capacity 27500K, committed 27648K, reserved 1073152K
  class space    used 3025K, capacity 3318K, committed 3328K, reserved 1048576K
}
Event: 28.142 GC heap before
{Heap before GC invocations=8 (full 0):
 garbage-first heap   total 49152K, used 29240K [0x00000000d0000000, 0x0000000100000000)
  region size 1024K, 22 young (22528K), 2 survivors (2048K)
 Metaspace       used 27023K, capacity 27759K, committed 28032K, reserved 1073152K
  class space    used 3066K, capacity 3362K, committed 3456K, reserved 1048576K
}
Event: 28.161 GC heap after
{Heap after GC invocations=9 (full 0):
 garbage-first heap   total 49152K, used 10331K [0x00000000d0000000, 0x0000000100000000)
  region size 1024K, 2 young (2048K), 2 survivors (2048K)
 Metaspace       used 27023K, capacity 27759K, committed 28032K, reserved 1073152K
  class space    used 3066K, capacity 3362K, committed 3456K, reserved 1048576K
}
Event: 28.314 GC heap before
{Heap before GC invocations=9 (full 0):
 garbage-first heap   total 49152K, used 29787K [0x00000000d0000000, 0x0000000100000000)
  region size 1024K, 22 young (22528K), 2 survivors (2048K)
 Metaspace       used 27150K, capacity 27921K, committed 28032K, reserved 1073152K
  class space    used 3078K, capacity 3396K, committed 3456K, reserved 1048576K
}
Event: 28.324 GC heap after
{Heap after GC invocations=10 (full 0):
 garbage-first heap   total 49152K, used 10438K [0x00000000d0000000, 0x0000000100000000)
  region size 1024K, 2 young (2048K), 2 survivors (2048K)
 Metaspace       used 27150K, capacity 27921K, committed 28032K, reserved 1073152K
  class space    used 3078K, capacity 3396K, committed 3456K, reserved 1048576K
}
Event: 32.417 GC heap before
{Heap before GC invocations=10 (full 0):
 garbage-first heap   total 49152K, used 30918K [0x00000000d0000000, 0x0000000100000000)
  region size 1024K, 23 young (23552K), 2 survivors (2048K)
 Metaspace       used 28634K, capacity 29468K, committed 29696K, reserved 1075200K
  class space    used 3232K, capacity 3550K, committed 3584K, reserved 1048576K
}
Event: 32.437 GC heap after
{Heap after GC invocations=11 (full 0):
 garbage-first heap   total 49152K, used 11922K [0x00000000d0000000, 0x0000000100000000)
  region size 1024K, 3 young (3072K), 3 survivors (3072K)
 Metaspace       used 28634K, capacity 29468K, committed 29696K, reserved 1075200K
  class space    used 3232K, capacity 3550K, committed 3584K, reserved 1048576K
}
Event: 38.460 GC heap before
{Heap before GC invocations=11 (full 0):
 garbage-first heap   total 49152K, used 33426K [0x00000000d0000000, 0x0000000100000000)
  region size 1024K, 24 young (24576K), 3 survivors (3072K)
 Metaspace       used 30882K, capacity 31844K, committed 32128K, reserved 1077248K
  class space    used 3536K, capacity 3908K, committed 3968K, reserved 1048576K
}
Event: 38.479 GC heap after
{Heap after GC invocations=12 (full 0):
 garbage-first heap   total 49152K, used 11946K [0x00000000d0000000, 0x0000000100000000)
  region size 1024K, 2 young (2048K), 2 survivors (2048K)
 Metaspace       used 30882K, capacity 31844K, committed 32128K, reserved 1077248K
  class space    used 3536K, capacity 3908K, committed 3968K, reserved 1048576K
}

